# JRE version: Java(TM) SE Runtime Environment (8.0_31-b13) (build 1.8.0_31-b13)
# Java VM: Java HotSpot(TM) 64-Bit Server VM (25.31-b07 mixed mode windows-amd64 compressed oops)
Heap:
 PSYoungGen      total 256000K, used 140270K [0x0000000780900000, 0x0000000797d80000, 0x00000007c0000000)
  eden space 239104K, 58% used [0x0000000780900000,0x00000007891fb8d0,0x000000078f280000)
  from space 16896K, 0% used [0x000000078f280000,0x000000078f280000,0x0000000790300000)
  to   space 18944K, 0% used [0x0000000796b00000,0x0000000796b00000,0x0000000797d80000)
 ParOldGen       total 189440K, used 31896K [0x0000000701a00000, 0x000000070d300000, 0x0000000780900000)
  object space 189440K, 16% used [0x0000000701a00000,0x00000007039262f8,0x000000070d300000)
 Metaspace       used 65346K, capacity 66892K, committed 67160K, reserved 1107968K
  class space    used 7604K, capacity 7994K, committed 8064K, reserved 1048576K
GC Heap History (10 events):
Event: 6.139 GC heap before
{Heap before GC invocations=6 (full 1):
 PSYoungGen      total 161792K, used 26797K [0x0000000780900000, 0x000000078d900000, 0x00000007c0000000)
  eden space 153600K, 12% used [0x0000000780900000,0x0000000781b2d4d0,0x0000000789f00000)
  from space 8192K, 99% used [0x000000078d100000,0x000000078d8fe290,0x000000078d900000)
  to   space 8192K, 0% used [0x000000078c900000,0x000000078c900000,0x000000078d100000)
 ParOldGen       total 90112K, used 13383K [0x0000000701a00000, 0x0000000707200000, 0x0000000780900000)
  object space 90112K, 14% used [0x0000000701a00000,0x0000000702711d40,0x0000000707200000)
 Metaspace       used 34223K, capacity 35184K, committed 35416K, reserved 1081344K
  class space    used 4036K, capacity 4376K, committed 4480K, reserved 1048576K
Event: 6.145 GC heap after
Heap after GC invocations=6 (full 1):
 PSYoungGen      total 204800K, used 5092K [0x0000000780900000, 0x0000000791180000, 0x00000007c0000000)
  eden space 196608K, 0% used [0x0000000780900000,0x0000000780900000,0x000000078c900000)
  from space 8192K, 62% used [0x000000078c900000,0x000000078cdf9310,0x000000078d100000)
  to   space 14848K, 0% used [0x0000000790300000,0x0000000790300000,0x0000000791180000)
 ParOldGen       total 90112K, used 13455K [0x0000000701a00000, 0x0000000707200000, 0x0000000780900000)
  object space 90112K, 14% used [0x0000000701a00000,0x0000000702723d50,0x0000000707200000)
 Metaspace       used 34223K, capacity 35184K, committed 35416K, reserved 1081344K
  class space    used 4036K, capacity 4376K, committed 4480K, reserved 1048576K
}
Event: 6.145 GC heap before
{Heap before GC invocations=7 (full 2):
 PSYoungGen      total 204800K, used 5092K [0x0000000780900000, 0x0000000791180000, 0x00000007c0000000)
  eden space 196608K, 0% used [0x0000000780900000,0x0000000780900000,0x000000078c900000)
  from space 8192K, 62% used [0x000000078c900000,0x000000078cdf9310,0x000000078d100000)
  to   space 14848K, 0% used [0x0000000790300000,0x0000000790300000,0x0000000791180000)
 ParOldGen       total 90112K, used 13455K [0x0000000701a00000, 0x0000000707200000, 0x0000000780900000)
  object space 90112K, 14% used [0x0000000701a00000,0x0000000702723d50,0x0000000707200000)
 Metaspace       used 34223K, capacity 35184K, committed 35416K, reserved 1081344K
  class space    used 4036K, capacity 4376K, committed 4480K, reserved 1048576K
Event: 6.249 GC heap after
Heap after GC invocations=7 (full 2):
 PSYoungGen      total 204800K, used 0K [0x0000000780900000, 0x0000000791180000, 0x00000007c0000000)
  eden space 196608K, 0% used [0x0000000780900000,0x0000000780900000,0x000000078c900000)
  from space 8192K, 0% used [0x000000078c900000,0x000000078c900000,0x000000078d100000)
  to   space 14848K, 0% used [0x0000000790300000,0x0000000790300000,0x0000000791180000)
 ParOldGen       total 137216K, used 17271K [0x0000000701a00000, 0x000000070a000000, 0x0000000780900000)
  object space 137216K, 12% used [0x0000000701a00000,0x0000000702addff0,0x000000070a000000)
 Metaspace       used 34223K, capacity 35184K, committed 35416K, reserved 1081344K
  class space    used 4036K, capacity 4376K, committed 4480K, reserved 1048576K
}
Event: 10.211 GC heap before
{Heap before GC invocations=8 (full 2):
 PSYoungGen      total 204800K, used 196608K [0x0000000780900000, 0x0000000791180000, 0x00000007c0000000)
  eden space 196608K, 100% used [0x0000000780900000,0x000000078c900000,0x000000078c900000)
  from space 8192K, 0% used [0x000000078c900000,0x000000078c900000,0x000000078d100000)
  to   space 14848K, 0% used [0x0000000790300000,0x0000000790300000,0x0000000791180000)
 ParOldGen       total 137216K, used 17271K [0x0000000701a00000, 0x000000070a000000, 0x0000000780900000)
  object space 137216K, 12% used [0x0000000701a00000,0x0000000702addff0,0x000000070a000000)
 Metaspace       used 49329K, capacity 50466K, committed 50648K, reserved 1093632K
  class space    used 5793K, capacity 6131K, committed 6144K, reserved 1048576K
Event: 10.358 GC heap after
Heap after GC invocations=8 (full 2):
 PSYoungGen      total 253952K, used 14253K [0x0000000780900000, 0x0000000793e00000, 0x00000007c0000000)
  eden space 239104K, 0% used [0x0000000780900000,0x0000000780900000,0x000000078f280000)
  from space 14848K, 95% used [0x0000000790300000,0x00000007910eb6a8,0x0000000791180000)
  to   space 16896K, 0% used [0x000000078f280000,0x000000078f280000,0x0000000790300000)
 ParOldGen       total 137216K, used 17279K [0x0000000701a00000, 0x000000070a000000, 0x0000000780900000)
  object space 137216K, 12% used [0x0000000701a00000,0x0000000702adfff0,0x000000070a000000)
 Metaspace       used 49329K, capacity 50466K, committed 50648K, reserved 1093632K
  class space    used 5793K, capacity 6131K, committed 6144K, reserved 1048576K
}
Event: 17.709 GC heap before
{Heap before GC invocations=9 (full 2):
 PSYoungGen      total 253952K, used 152248K [0x0000000780900000, 0x0000000793e00000, 0x00000007c0000000)
  eden space 239104K, 57% used [0x0000000780900000,0x0000000788fc2b28,0x000000078f280000)
  from space 14848K, 95% used [0x0000000790300000,0x00000007910eb6a8,0x0000000791180000)
  to   space 16896K, 0% used [0x000000078f280000,0x000000078f280000,0x0000000790300000)
 ParOldGen       total 137216K, used 17279K [0x0000000701a00000, 0x000000070a000000, 0x0000000780900000)
  object space 137216K, 12% used [0x0000000701a00000,0x0000000702adfff0,0x000000070a000000)
 Metaspace       used 57553K, capacity 58696K, committed 59028K, reserved 1101824K
  class space    used 6749K, capacity 7084K, committed 7168K, reserved 1048576K
Event: 17.869 GC heap after
Heap after GC invocations=9 (full 2):
 PSYoungGen      total 256000K, used 16072K [0x0000000780900000, 0x0000000797d80000, 0x00000007c0000000)
  eden space 239104K, 0% used [0x0000000780900000,0x0000000780900000,0x000000078f280000)
  from space 16896K, 95% used [0x000000078f280000,0x0000000790232278,0x0000000790300000)
  to   space 18944K, 0% used [0x0000000796b00000,0x0000000796b00000,0x0000000797d80000)
 ParOldGen       total 137216K, used 17287K [0x0000000701a00000, 0x000000070a000000, 0x0000000780900000)
  object space 137216K, 12% used [0x0000000701a00000,0x0000000702ae1ff0,0x000000070a000000)
 Metaspace       used 57553K, capacity 58696K, committed 59028K, reserved 1101824K
  class space    used 6749K, capacity 7084K, committed 7168K, reserved 1048576K
}
Event: 17.869 GC heap before
{Heap before GC invocations=10 (full 3):
 PSYoungGen      total 256000K, used 16072K [0x0000000780900000, 0x0000000797d80000, 0x00000007c0000000)
  eden space 239104K, 0% used [0x0000000780900000,0x0000000780900000,0x000000078f280000)
  from space 16896K, 95% used [0x000000078f280000,0x0000000790232278,0x0000000790300000)
  to   space 18944K, 0% used [0x0000000796b00000,0x0000000796b00000,0x0000000797d80000)
 ParOldGen       total 137216K, used 17287K [0x0000000701a00000, 0x000000070a000000, 0x0000000780900000)
  object space 137216K, 12% used [0x0000000701a00000,0x0000000702ae1ff0,0x000000070a000000)
 Metaspace       used 57553K, capacity 58696K, committed 59028K, reserved 1101824K
  class space    used 6749K, capacity 7084K, committed 7168K, reserved 1048576K
Event: 18.159 GC heap after
Heap after GC invocations=10 (full 3):
 PSYoungGen      total 256000K, used 0K [0x0000000780900000, 0x0000000797d80000, 0x00000007c0000000)
  eden space 239104K, 0% used [0x0000000780900000,0x0000000780900000,0x000000078f280000)
  from space 16896K, 0% used [0x000000078f280000,0x000000078f280000,0x0000000790300000)
  to   space 18944K, 0% used [0x0000000796b00000,0x0000000796b00000,0x0000000797d80000)
 ParOldGen       total 189440K, used 31896K [0x0000000701a00000, 0x000000070d300000, 0x0000000780900000)
  object space 189440K, 16% used [0x0000000701a00000,0x00000007039262f8,0x000000070d300000)
 Metaspace       used 57553K, capacity 58696K, committed 59028K, reserved 1101824K
  class space    used 6749K, capacity 7084K, committed 7168K, reserved 1048576K
}

