# JRE version: Java(TM) SE Runtime Environment (8.0_31-b13) (build 1.8.0_31-b13)
# Java VM: Java HotSpot(TM) 64-Bit Server VM (25.31-b07 mixed mode windows-amd64 compressed oops)
Heap:
 PSYoungGen      total 350208K, used 321223K [0x0000000780900000, 0x0000000797180000, 0x00000007c0000000)
  eden space 345088K, 91% used [0x0000000780900000,0x0000000793dc2048,0x0000000795a00000)
  from space 5120K, 98% used [0x0000000796c80000,0x000000079716fe40,0x0000000797180000)
  to   space 11776K, 0% used [0x0000000795a80000,0x0000000795a80000,0x0000000796600000)
 ParOldGen       total 118784K, used 17523K [0x0000000701a00000, 0x0000000708e00000, 0x0000000780900000)
  object space 118784K, 14% used [0x0000000701a00000,0x0000000702b1cf50,0x0000000708e00000)
 Metaspace       used 46577K, capacity 48042K, committed 48256K, reserved 1091584K
  class space    used 5292K, capacity 5677K, committed 5760K, reserved 1048576K
GC Heap History (10 events):
Event: 12.156 GC heap before
{Heap before GC invocations=6 (full 1):
 PSYoungGen      total 153088K, used 152816K [0x0000000780900000, 0x000000078d500000, 0x00000007c0000000)
  eden space 148992K, 100% used [0x0000000780900000,0x0000000789a80000,0x0000000789a80000)
  from space 4096K, 93% used [0x000000078d100000,0x000000078d4bc370,0x000000078d500000)
  to   space 8192K, 0% used [0x000000078c500000,0x000000078c500000,0x000000078cd00000)
 ParOldGen       total 87040K, used 11843K [0x0000000701a00000, 0x0000000706f00000, 0x0000000780900000)
  object space 87040K, 13% used [0x0000000701a00000,0x0000000702590cd0,0x0000000706f00000)
 Metaspace       used 28308K, capacity 29304K, committed 29696K, reserved 1075200K
  class space    used 3397K, capacity 3718K, committed 3840K, reserved 1048576K
Event: 12.167 GC heap after
Heap after GC invocations=6 (full 1):
 PSYoungGen      total 200704K, used 6636K [0x0000000780900000, 0x000000078f600000, 0x00000007c0000000)
  eden space 192512K, 0% used [0x0000000780900000,0x0000000780900000,0x000000078c500000)
  from space 8192K, 81% used [0x000000078c500000,0x000000078cb7b158,0x000000078cd00000)
  to   space 12800K, 0% used [0x000000078e980000,0x000000078e980000,0x000000078f600000)
 ParOldGen       total 87040K, used 11851K [0x0000000701a00000, 0x0000000706f00000, 0x0000000780900000)
  object space 87040K, 13% used [0x0000000701a00000,0x0000000702592cd0,0x0000000706f00000)
 Metaspace       used 28308K, capacity 29304K, committed 29696K, reserved 1075200K
  class space    used 3397K, capacity 3718K, committed 3840K, reserved 1048576K
}
Event: 13.572 GC heap before
{Heap before GC invocations=7 (full 1):
 PSYoungGen      total 200704K, used 199148K [0x0000000780900000, 0x000000078f600000, 0x00000007c0000000)
  eden space 192512K, 100% used [0x0000000780900000,0x000000078c500000,0x000000078c500000)
  from space 8192K, 81% used [0x000000078c500000,0x000000078cb7b158,0x000000078cd00000)
  to   space 12800K, 0% used [0x000000078e980000,0x000000078e980000,0x000000078f600000)
 ParOldGen       total 87040K, used 11851K [0x0000000701a00000, 0x0000000706f00000, 0x0000000780900000)
  object space 87040K, 13% used [0x0000000701a00000,0x0000000702592cd0,0x0000000706f00000)
 Metaspace       used 32592K, capacity 33534K, committed 33920K, reserved 1079296K
  class space    used 3781K, capacity 4105K, committed 4224K, reserved 1048576K
Event: 13.589 GC heap after
Heap after GC invocations=7 (full 1):
 PSYoungGen      total 230400K, used 6281K [0x0000000780900000, 0x0000000792d00000, 0x00000007c0000000)
  eden space 217600K, 0% used [0x0000000780900000,0x0000000780900000,0x000000078dd80000)
  from space 12800K, 49% used [0x000000078e980000,0x000000078efa2498,0x000000078f600000)
  to   space 12288K, 0% used [0x000000078dd80000,0x000000078dd80000,0x000000078e980000)
 ParOldGen       total 87040K, used 11923K [0x0000000701a00000, 0x0000000706f00000, 0x0000000780900000)
  object space 87040K, 13% used [0x0000000701a00000,0x00000007025a4ce0,0x0000000706f00000)
 Metaspace       used 32592K, capacity 33534K, committed 33920K, reserved 1079296K
  class space    used 3781K, capacity 4105K, committed 4224K, reserved 1048576K
}
Event: 14.628 GC heap before
{Heap before GC invocations=8 (full 1):
 PSYoungGen      total 230400K, used 76629K [0x0000000780900000, 0x0000000792d00000, 0x00000007c0000000)
  eden space 217600K, 32% used [0x0000000780900000,0x0000000784db3020,0x000000078dd80000)
  from space 12800K, 49% used [0x000000078e980000,0x000000078efa2498,0x000000078f600000)
  to   space 12288K, 0% used [0x000000078dd80000,0x000000078dd80000,0x000000078e980000)
 ParOldGen       total 87040K, used 11923K [0x0000000701a00000, 0x0000000706f00000, 0x0000000780900000)
  object space 87040K, 13% used [0x0000000701a00000,0x00000007025a4ce0,0x0000000706f00000)
 Metaspace       used 34332K, capacity 35250K, committed 35496K, reserved 1081344K
  class space    used 3941K, capacity 4269K, committed 4352K, reserved 1048576K
Event: 14.766 GC heap after
Heap after GC invocations=8 (full 1):
 PSYoungGen      total 229888K, used 7083K [0x0000000780900000, 0x0000000797800000, 0x00000007c0000000)
  eden space 217600K, 0% used [0x0000000780900000,0x0000000780900000,0x000000078dd80000)
  from space 12288K, 57% used [0x000000078dd80000,0x000000078e46afc0,0x000000078e980000)
  to   space 11776K, 0% used [0x0000000796c80000,0x0000000796c80000,0x0000000797800000)
 ParOldGen       total 87040K, used 11931K [0x0000000701a00000, 0x0000000706f00000, 0x0000000780900000)
  object space 87040K, 13% used [0x0000000701a00000,0x00000007025a6ce0,0x0000000706f00000)
 Metaspace       used 34332K, capacity 35250K, committed 35496K, reserved 1081344K
  class space    used 3941K, capacity 4269K, committed 4352K, reserved 1048576K
}
Event: 14.766 GC heap before
{Heap before GC invocations=9 (full 2):
 PSYoungGen      total 229888K, used 7083K [0x0000000780900000, 0x0000000797800000, 0x00000007c0000000)
  eden space 217600K, 0% used [0x0000000780900000,0x0000000780900000,0x000000078dd80000)
  from space 12288K, 57% used [0x000000078dd80000,0x000000078e46afc0,0x000000078e980000)
  to   space 11776K, 0% used [0x0000000796c80000,0x0000000796c80000,0x0000000797800000)
 ParOldGen       total 87040K, used 11931K [0x0000000701a00000, 0x0000000706f00000, 0x0000000780900000)
  object space 87040K, 13% used [0x0000000701a00000,0x00000007025a6ce0,0x0000000706f00000)
 Metaspace       used 34332K, capacity 35250K, committed 35496K, reserved 1081344K
  class space    used 3941K, capacity 4269K, committed 4352K, reserved 1048576K
Event: 14.956 GC heap after
Heap after GC invocations=9 (full 2):
 PSYoungGen      total 229888K, used 0K [0x0000000780900000, 0x0000000797800000, 0x00000007c0000000)
  eden space 217600K, 0% used [0x0000000780900000,0x0000000780900000,0x000000078dd80000)
  from space 12288K, 0% used [0x000000078dd80000,0x000000078dd80000,0x000000078e980000)
  to   space 11776K, 0% used [0x0000000796c80000,0x0000000796c80000,0x0000000797800000)
 ParOldGen       total 118784K, used 17515K [0x0000000701a00000, 0x0000000708e00000, 0x0000000780900000)
  object space 118784K, 14% used [0x0000000701a00000,0x0000000702b1af50,0x0000000708e00000)
 Metaspace       used 34332K, capacity 35250K, committed 35496K, reserved 1081344K
  class space    used 3941K, capacity 4269K, committed 4352K, reserved 1048576K
}
Event: 17.098 GC heap before
{Heap before GC invocations=10 (full 2):
 PSYoungGen      total 229888K, used 217600K [0x0000000780900000, 0x0000000797800000, 0x00000007c0000000)
  eden space 217600K, 100% used [0x0000000780900000,0x000000078dd80000,0x000000078dd80000)
  from space 12288K, 0% used [0x000000078dd80000,0x000000078dd80000,0x000000078e980000)
  to   space 11776K, 0% used [0x0000000796c80000,0x0000000796c80000,0x0000000797800000)
 ParOldGen       total 118784K, used 17515K [0x0000000701a00000, 0x0000000708e00000, 0x0000000780900000)
  object space 118784K, 14% used [0x0000000701a00000,0x0000000702b1af50,0x0000000708e00000)
 Metaspace       used 38776K, capacity 39896K, committed 40192K, reserved 1085440K
  class space    used 4428K, capacity 4788K, committed 4864K, reserved 1048576K
Event: 17.123 GC heap after
Heap after GC invocations=10 (full 2):
 PSYoungGen      total 350208K, used 5055K [0x0000000780900000, 0x0000000797180000, 0x00000007c0000000)
  eden space 345088K, 0% used [0x0000000780900000,0x0000000780900000,0x0000000795a00000)
  from space 5120K, 98% used [0x0000000796c80000,0x000000079716fe40,0x0000000797180000)
  to   space 11776K, 0% used [0x0000000795a80000,0x0000000795a80000,0x0000000796600000)
 ParOldGen       total 118784K, used 17523K [0x0000000701a00000, 0x0000000708e00000, 0x0000000780900000)
  object space 118784K, 14% used [0x0000000701a00000,0x0000000702b1cf50,0x0000000708e00000)
 Metaspace       used 38776K, capacity 39896K, committed 40192K, reserved 1085440K
  class space    used 4428K, capacity 4788K, committed 4864K, reserved 1048576K
}

