# JRE version: Java(TM) SE Runtime Environment (8.0_31-b13) (build 1.8.0_31-b13)
# Java VM: Java HotSpot(TM) 64-Bit Server VM (25.31-b07 mixed mode windows-amd64 compressed oops)
Heap:
 PSYoungGen      total 158720K, used 137774K [0x0000000780900000, 0x000000078b680000, 0x00000007c0000000)
  eden space 141824K, 97% used [0x0000000780900000,0x0000000788f8b9f0,0x0000000789380000)
  from space 16896K, 0% used [0x000000078a480000,0x000000078a480000,0x000000078b500000)
  to   space 17408K, 0% used [0x0000000789380000,0x0000000789380000,0x000000078a480000)
 ParOldGen       total 185344K, used 28454K [0x0000000701a00000, 0x000000070cf00000, 0x0000000780900000)
  object space 185344K, 15% used [0x0000000701a00000,0x00000007035c9948,0x000000070cf00000)
 Metaspace       used 64488K, capacity 65871K, committed 66048K, reserved 1107968K
  class space    used 7455K, capacity 7818K, committed 7936K, reserved 1048576K
GC Heap History (10 events):
Event: 13.261 GC heap before
{Heap before GC invocations=9 (full 2):
 PSYoungGen      total 90624K, used 74240K [0x0000000780900000, 0x0000000787580000, 0x00000007c0000000)
  eden space 74240K, 100% used [0x0000000780900000,0x0000000785180000,0x0000000785180000)
  from space 16384K, 0% used [0x0000000786100000,0x0000000786100000,0x0000000787100000)
  to   space 15872K, 0% used [0x0000000785180000,0x0000000785180000,0x0000000786100000)
 ParOldGen       total 143872K, used 17285K [0x0000000701a00000, 0x000000070a680000, 0x0000000780900000)
  object space 143872K, 12% used [0x0000000701a00000,0x0000000702ae1770,0x000000070a680000)
 Metaspace       used 38833K, capacity 39945K, committed 40192K, reserved 1085440K
  class space    used 4533K, capacity 4849K, committed 4864K, reserved 1048576K
Event: 13.286 GC heap after
Heap after GC invocations=9 (full 2):
 PSYoungGen      total 90112K, used 4296K [0x0000000780900000, 0x0000000788e00000, 0x00000007c0000000)
  eden space 74240K, 0% used [0x0000000780900000,0x0000000780900000,0x0000000785180000)
  from space 15872K, 27% used [0x0000000785180000,0x00000007855b21a8,0x0000000786100000)
  to   space 15872K, 0% used [0x0000000787e80000,0x0000000787e80000,0x0000000788e00000)
 ParOldGen       total 143872K, used 17293K [0x0000000701a00000, 0x000000070a680000, 0x0000000780900000)
  object space 143872K, 12% used [0x0000000701a00000,0x0000000702ae3770,0x000000070a680000)
 Metaspace       used 38833K, capacity 39945K, committed 40192K, reserved 1085440K
  class space    used 4533K, capacity 4849K, committed 4864K, reserved 1048576K
}
Event: 15.355 GC heap before
{Heap before GC invocations=10 (full 2):
 PSYoungGen      total 90112K, used 78536K [0x0000000780900000, 0x0000000788e00000, 0x00000007c0000000)
  eden space 74240K, 100% used [0x0000000780900000,0x0000000785180000,0x0000000785180000)
  from space 15872K, 27% used [0x0000000785180000,0x00000007855b21a8,0x0000000786100000)
  to   space 15872K, 0% used [0x0000000787e80000,0x0000000787e80000,0x0000000788e00000)
 ParOldGen       total 143872K, used 17293K [0x0000000701a00000, 0x000000070a680000, 0x0000000780900000)
  object space 143872K, 12% used [0x0000000701a00000,0x0000000702ae3770,0x000000070a680000)
 Metaspace       used 45931K, capacity 47029K, committed 47232K, reserved 1091584K
  class space    used 5382K, capacity 5715K, committed 5760K, reserved 1048576K
Event: 15.384 GC heap after
Heap after GC invocations=10 (full 2):
 PSYoungGen      total 120320K, used 9202K [0x0000000780900000, 0x0000000788d80000, 0x00000007c0000000)
  eden space 104960K, 0% used [0x0000000780900000,0x0000000780900000,0x0000000786f80000)
  from space 15360K, 59% used [0x0000000787e80000,0x000000078877c928,0x0000000788d80000)
  to   space 15360K, 0% used [0x0000000786f80000,0x0000000786f80000,0x0000000787e80000)
 ParOldGen       total 143872K, used 17301K [0x0000000701a00000, 0x000000070a680000, 0x0000000780900000)
  object space 143872K, 12% used [0x0000000701a00000,0x0000000702ae5770,0x000000070a680000)
 Metaspace       used 45931K, capacity 47029K, committed 47232K, reserved 1091584K
  class space    used 5382K, capacity 5715K, committed 5760K, reserved 1048576K
}
Event: 19.957 GC heap before
{Heap before GC invocations=11 (full 2):
 PSYoungGen      total 120320K, used 114162K [0x0000000780900000, 0x0000000788d80000, 0x00000007c0000000)
  eden space 104960K, 100% used [0x0000000780900000,0x0000000786f80000,0x0000000786f80000)
  from space 15360K, 59% used [0x0000000787e80000,0x000000078877c928,0x0000000788d80000)
  to   space 15360K, 0% used [0x0000000786f80000,0x0000000786f80000,0x0000000787e80000)
 ParOldGen       total 143872K, used 17301K [0x0000000701a00000, 0x000000070a680000, 0x0000000780900000)
  object space 143872K, 12% used [0x0000000701a00000,0x0000000702ae5770,0x000000070a680000)
 Metaspace       used 54583K, capacity 55693K, committed 55936K, reserved 1097728K
  class space    used 6414K, capacity 6743K, committed 6784K, reserved 1048576K
Event: 20.259 GC heap after
Heap after GC invocations=11 (full 2):
 PSYoungGen      total 120320K, used 12963K [0x0000000780900000, 0x000000078b500000, 0x00000007c0000000)
  eden space 104960K, 0% used [0x0000000780900000,0x0000000780900000,0x0000000786f80000)
  from space 15360K, 84% used [0x0000000786f80000,0x0000000787c28f28,0x0000000787e80000)
  to   space 16896K, 0% used [0x000000078a480000,0x000000078a480000,0x000000078b500000)
 ParOldGen       total 143872K, used 17309K [0x0000000701a00000, 0x000000070a680000, 0x0000000780900000)
  object space 143872K, 12% used [0x0000000701a00000,0x0000000702ae7770,0x000000070a680000)
 Metaspace       used 54583K, capacity 55693K, committed 55936K, reserved 1097728K
  class space    used 6414K, capacity 6743K, committed 6784K, reserved 1048576K
}
Event: 22.424 GC heap before
{Heap before GC invocations=12 (full 2):
 PSYoungGen      total 120320K, used 72926K [0x0000000780900000, 0x000000078b500000, 0x00000007c0000000)
  eden space 104960K, 57% used [0x0000000780900000,0x000000078438eb60,0x0000000786f80000)
  from space 15360K, 84% used [0x0000000786f80000,0x0000000787c28f28,0x0000000787e80000)
  to   space 16896K, 0% used [0x000000078a480000,0x000000078a480000,0x000000078b500000)
 ParOldGen       total 143872K, used 17309K [0x0000000701a00000, 0x000000070a680000, 0x0000000780900000)
  object space 143872K, 12% used [0x0000000701a00000,0x0000000702ae7770,0x000000070a680000)
 Metaspace       used 57686K, capacity 58827K, committed 59028K, reserved 1101824K
  class space    used 6754K, capacity 7112K, committed 7168K, reserved 1048576K
Event: 22.492 GC heap after
Heap after GC invocations=12 (full 2):
 PSYoungGen      total 158720K, used 12417K [0x0000000780900000, 0x000000078b680000, 0x00000007c0000000)
  eden space 141824K, 0% used [0x0000000780900000,0x0000000780900000,0x0000000789380000)
  from space 16896K, 73% used [0x000000078a480000,0x000000078b0a0710,0x000000078b500000)
  to   space 17408K, 0% used [0x0000000789380000,0x0000000789380000,0x000000078a480000)
 ParOldGen       total 143872K, used 17317K [0x0000000701a00000, 0x000000070a680000, 0x0000000780900000)
  object space 143872K, 12% used [0x0000000701a00000,0x0000000702ae9770,0x000000070a680000)
 Metaspace       used 57686K, capacity 58827K, committed 59028K, reserved 1101824K
  class space    used 6754K, capacity 7112K, committed 7168K, reserved 1048576K
}
Event: 22.492 GC heap before
{Heap before GC invocations=13 (full 3):
 PSYoungGen      total 158720K, used 12417K [0x0000000780900000, 0x000000078b680000, 0x00000007c0000000)
  eden space 141824K, 0% used [0x0000000780900000,0x0000000780900000,0x0000000789380000)
  from space 16896K, 73% used [0x000000078a480000,0x000000078b0a0710,0x000000078b500000)
  to   space 17408K, 0% used [0x0000000789380000,0x0000000789380000,0x000000078a480000)
 ParOldGen       total 143872K, used 17317K [0x0000000701a00000, 0x000000070a680000, 0x0000000780900000)
  object space 143872K, 12% used [0x0000000701a00000,0x0000000702ae9770,0x000000070a680000)
 Metaspace       used 57686K, capacity 58827K, committed 59028K, reserved 1101824K
  class space    used 6754K, capacity 7112K, committed 7168K, reserved 1048576K
Event: 22.777 GC heap after
Heap after GC invocations=13 (full 3):
 PSYoungGen      total 158720K, used 0K [0x0000000780900000, 0x000000078b680000, 0x00000007c0000000)
  eden space 141824K, 0% used [0x0000000780900000,0x0000000780900000,0x0000000789380000)
  from space 16896K, 0% used [0x000000078a480000,0x000000078a480000,0x000000078b500000)
  to   space 17408K, 0% used [0x0000000789380000,0x0000000789380000,0x000000078a480000)
 ParOldGen       total 185344K, used 28454K [0x0000000701a00000, 0x000000070cf00000, 0x0000000780900000)
  object space 185344K, 15% used [0x0000000701a00000,0x00000007035c9948,0x000000070cf00000)
 Metaspace       used 57686K, capacity 58827K, committed 59028K, reserved 1101824K
  class space    used 6754K, capacity 7112K, committed 7168K, reserved 1048576K
}

